--- Copying files at Wed Apr 24 06:00:52 CEST 2024
INSTALLED plugins/jquery3-api.jpi : 3.7.1-2
INSTALLED plugins/blueocean-dashboard.jpi : 1.27.12
INSTALLED plugins/json-api.jpi : 20240303-41.v94e11e6de726
INSTALLED plugins/jakarta-activation-api.jpi : 2.1.3-1
INSTALLED plugins/blueocean-github-pipeline.jpi : 1.27.12
INSTALLED plugins/pipeline-input-step.jpi : 495.ve9c153f6067b_
INSTALLED plugins/blueocean-rest-impl.jpi : 1.27.12
INSTALLED plugins/matrix-project.jpi : 822.824.v14451b_c0fd42
INSTALLED plugins/favorite.jpi : 2.208.v91d65b_7792a_c
INSTALLED plugins/blueocean-commons.jpi : 1.27.12
INSTALLED plugins/bouncycastle-api.jpi : 2.30.1.77-225.v26ea_c9455fd9
INSTALLED plugins/asm-api.jpi : 9.7-33.v4d23ef79fcc8
INSTALLED plugins/bootstrap5-api.jpi : 5.3.3-1
INSTALLED plugins/blueocean-git-pipeline.jpi : 1.27.12
INSTALLED plugins/blueocean-display-url.jpi : 2.4.2
INSTALLED plugins/blueocean-rest.jpi : 1.27.12
INSTALLED plugins/gson-api.jpi : 2.10.1-15.v0d99f670e0a_7
INSTALLED plugins/checks-api.jpi : 2.2.0
INSTALLED plugins/display-url-api.jpi : 2.200.vb_9327d658781
INSTALLED plugins/font-awesome-api.jpi : 6.5.2-1
INSTALLED plugins/workflow-job.jpi : 1400.v7fd111b_ec82f
INSTALLED plugins/workflow-basic-steps.jpi : 1049.v257a_e6b_30fb_d
INSTALLED plugins/blueocean-personalization.jpi : 1.27.12
INSTALLED plugins/pipeline-model-definition.jpi : 2.2198.v41dd8ef6dd56
INSTALLED plugins/junit.jpi : 1265.v65b_14fa_f12f0
INSTALLED plugins/blueocean-pipeline-scm-api.jpi : 1.27.12
INSTALLED plugins/commons-lang3-api.jpi : 3.13.0-62.v7d18e55f51e2
INSTALLED plugins/script-security.jpi : 1335.vf07d9ce377a_e
INSTALLED plugins/workflow-api.jpi : 1291.v51fd2a_625da_7
INSTALLED plugins/joda-time-api.jpi : 2.12.7-29.v5a_b_e3a_82269a_
INSTALLED plugins/token-macro.jpi : 400.v35420b_922dcb_
INSTALLED plugins/jaxb.jpi : 2.3.9-1
INSTALLED plugins/blueocean-web.jpi : 1.27.12
INSTALLED plugins/pipeline-build-step.jpi : 540.vb_e8849e1a_b_d8
INSTALLED plugins/workflow-scm-step.jpi : 427.v4ca_6512e7df1
INSTALLED plugins/jenkins-design-language.jpi : 1.27.12
INSTALLED plugins/pipeline-milestone-step.jpi : 119.vdfdc43fc3b_9a_
INSTALLED plugins/workflow-durable-task-step.jpi : 1336.v768003e07199
INSTALLED plugins/workflow-step-api.jpi : 657.v03b_e8115821b_
INSTALLED plugins/blueocean-bitbucket-pipeline.jpi : 1.27.12
INSTALLED plugins/plain-credentials.jpi : 179.vc5cb_98f6db_38
INSTALLED plugins/handy-uri-templates-2-api.jpi : 2.1.8-30.v7e777411b_148
INSTALLED plugins/snakeyaml-api.jpi : 2.2-111.vc6598e30cc65
INSTALLED plugins/javax-activation-api.jpi : 1.2.0-6
INSTALLED plugins/mina-sshd-api-common.jpi : 2.12.1-101.v85b_e08b_780dd
INSTALLED plugins/credentials.jpi : 1337.v60b_d7b_c7b_c9f
INSTALLED plugins/jakarta-mail-api.jpi : 2.1.3-1
INSTALLED plugins/mailer.jpi : 472.vf7c289a_4b_420
INSTALLED plugins/ionicons-api.jpi : 70.v2959a_b_74e3cf
INSTALLED plugins/apache-httpcomponents-client-4-api.jpi : 4.5.14-208.v438351942757
INSTALLED plugins/docker-commons.jpi : 439.va_3cb_0a_6a_fb_29
INSTALLED plugins/workflow-support.jpi : 896.v175a_a_9c5b_78f
INSTALLED plugins/blueocean-pipeline-api-impl.jpi : 1.27.12
INSTALLED plugins/pipeline-model-extensions.jpi : 2.2198.v41dd8ef6dd56
INSTALLED plugins/pipeline-groovy-lib.jpi : 704.vc58b_8890a_384
INSTALLED plugins/pipeline-model-api.jpi : 2.2198.v41dd8ef6dd56
INSTALLED plugins/credentials-binding.jpi : 657.v2b_19db_7d6e6d
INSTALLED plugins/htmlpublisher.jpi : 1.33
INSTALLED plugins/instance-identity.jpi : 185.v303dc7c645f9
INSTALLED plugins/git.jpi : 5.2.1
INSTALLED plugins/docker-workflow.jpi : 572.v950f58993843
INSTALLED plugins/jackson2-api.jpi : 2.17.0-379.v02de8ec9f64c
INSTALLED plugins/blueocean.jpi : 1.27.12
INSTALLED plugins/trilead-api.jpi : 2.142.v748523a_76693
INSTALLED plugins/ssh-credentials.jpi : 337.v395d2403ccd4
INSTALLED plugins/jjwt-api.jpi : 0.11.5-112.ve82dfb_224b_a_d
INSTALLED plugins/github.jpi : 1.38.0
INSTALLED plugins/structs.jpi : 337.v1b_04ea_4df7c8
INSTALLED plugins/pipeline-stage-step.jpi : 312.v8cd10304c27a_
INSTALLED plugins/github-branch-source.jpi : 1787.v8b_8cd49a_f8f1
INSTALLED plugins/git-client.jpi : 4.7.0
INSTALLED plugins/authentication-tokens.jpi : 1.53.v1c90fd9191a_b_
INSTALLED plugins/blueocean-pipeline-editor.jpi : 1.27.12
INSTALLED plugins/blueocean-events.jpi : 1.27.12
INSTALLED plugins/caffeine-api.jpi : 3.1.8-133.v17b_1ff2e0599
INSTALLED plugins/mina-sshd-api-core.jpi : 2.12.1-101.v85b_e08b_780dd
INSTALLED plugins/pipeline-graph-analysis.jpi : 216.vfd8b_ece330ca_
INSTALLED plugins/blueocean-core-js.jpi : 1.27.12
INSTALLED plugins/blueocean-i18n.jpi : 1.27.12
INSTALLED plugins/blueocean-config.jpi : 1.27.12
INSTALLED plugins/pubsub-light.jpi : 1.18
INSTALLED plugins/cloudbees-bitbucket-branch-source.jpi : 883.v041fa_695e9c2
INSTALLED plugins/branch-api.jpi : 2.1163.va_f1064e4a_a_f3
INSTALLED plugins/commons-text-api.jpi : 1.11.0-109.vfe16c66636eb_
INSTALLED plugins/workflow-cps.jpi : 3894.vd0f0248b_a_fc4
INSTALLED plugins/cloudbees-folder.jpi : 6.928.v7c780211d66e
INSTALLED plugins/scm-api.jpi : 690.vfc8b_54395023
INSTALLED plugins/plugin-util-api.jpi : 4.1.0
INSTALLED plugins/variant.jpi : 60.v7290fc0eb_b_cd
INSTALLED plugins/github-api.jpi : 1.318-461.v7a_c09c9fa_d63
INSTALLED plugins/sse-gateway.jpi : 1.26
INSTALLED plugins/echarts-api.jpi : 5.5.0-1
INSTALLED plugins/workflow-multibranch.jpi : 783.va_6eb_ef636fb_d
INSTALLED plugins/blueocean-jwt.jpi : 1.27.12
INSTALLED plugins/okhttp-api.jpi : 4.11.0-172.vda_da_1feeb_c6e
INSTALLED plugins/pipeline-stage-tags-metadata.jpi : 2.2198.v41dd8ef6dd56
INSTALLED plugins/durable-task.jpi : 555.v6802fe0f0b_82
--- Copying files at Wed Apr 24 06:10:59 CEST 2024
--- Copying files at Wed Apr 24 06:17:52 CEST 2024
--- Copying files at Tue Apr 30 12:56:01 CEST 2024
SKIPPED plugins/blueocean.jpi : Image version (1.27.11) is older than installed version (1.27.12)
UPGRADED plugins/workflow-basic-steps.jpi : Image version (1058.vcb_fc1e3a_21a_9) is newer than installed version (1049.v257a_e6b_30fb_d)
--- Copying files at Tue Apr 30 15:10:32 CEST 2024
SKIPPED plugins/blueocean.jpi : Image version (1.27.11) is older than installed version (1.27.12)
--- Copying files at Wed May  1 13:02:38 CEST 2024
SKIPPED plugins/blueocean.jpi : Image version (1.27.11) is older than installed version (1.27.12)
--- Copying files at Wed May  1 22:55:15 CEST 2024
SKIPPED plugins/blueocean.jpi : Image version (1.27.11) is older than installed version (1.27.12)
--- Copying files at Thu May  2 09:53:14 CEST 2024
SKIPPED plugins/blueocean.jpi : Image version (1.27.11) is older than installed version (1.27.12)
