Started on May 1, 2024, 10:56:00 PM
Using strategy: Default
[poll] Last Built Revision: Revision d7a65eac642920b8c8bfb033c8275f2f22c5db72 (refs/remotes/origin/main)
The recommended git tool is: git
using credential 096d7925-c70f-4710-b439-3a293b390f86
 > git --version # timeout=10
 > git --version # 'git version 2.39.2'
using GIT_ASKPASS to set credentials 
 > git ls-remote -h -- https://github.com/Caleb-Script/auto-service.git # timeout=10
Found 5 remote heads on https://github.com/Caleb-Script/auto-service.git
[poll] Latest remote head revision on refs/heads/main is: 9d22e210c3585343248c8093a4c6497d69b54b4f
Using strategy: Default
[poll] Last Built Revision: Revision d7a65eac642920b8c8bfb033c8275f2f22c5db72 (refs/remotes/origin/main)
The recommended git tool is: git
No credentials specified
 > git --version # timeout=10
 > git --version # 'git version 2.39.2'
 > git ls-remote -h -- https://github.com/Caleb-Script/auto-service.git # timeout=10
Found 5 remote heads on https://github.com/Caleb-Script/auto-service.git
[poll] Latest remote head revision on refs/heads/main is: 9d22e210c3585343248c8093a4c6497d69b54b4f
Done. Took 1.1 sec
Changes found
