Started on May 1, 2024, 6:36:38 PM
Using strategy: Default
[poll] Last Built Revision: Revision b107da3ae3728f90670bba38fdd161026270de2c (refs/remotes/origin/main)
The recommended git tool is: git
using credential 096d7925-c70f-4710-b439-3a293b390f86
 > git --version # timeout=10
 > git --version # 'git version 2.39.2'
using GIT_ASKPASS to set credentials 
 > git ls-remote -h -- https://github.com/Caleb-Script/auto-service.git # timeout=10
Found 5 remote heads on https://github.com/Caleb-Script/auto-service.git
[poll] Latest remote head revision on refs/heads/main is: d7a65eac642920b8c8bfb033c8275f2f22c5db72
Using strategy: Default
[poll] Last Built Revision: Revision b107da3ae3728f90670bba38fdd161026270de2c (refs/remotes/origin/main)
The recommended git tool is: git
No credentials specified
 > git --version # timeout=10
 > git --version # 'git version 2.39.2'
 > git ls-remote -h -- https://github.com/Caleb-Script/auto-service.git # timeout=10
Found 5 remote heads on https://github.com/Caleb-Script/auto-service.git
[poll] Latest remote head revision on refs/heads/main is: d7a65eac642920b8c8bfb033c8275f2f22c5db72
Done. Took 0.77 sec
Changes found
