Started on May 1, 2024, 1:11:00 PM
Using strategy: Default
[poll] Last Built Revision: Revision 97e328ed667e9aef7e502bb096a4d8eaab2a42e3 (refs/remotes/origin/main)
The recommended git tool is: git
using credential 096d7925-c70f-4710-b439-3a293b390f86
 > git --version # timeout=10
 > git --version # 'git version 2.39.2'
using GIT_ASKPASS to set credentials 
 > git ls-remote -h -- https://github.com/Caleb-Script/auto-service.git # timeout=10
Found 5 remote heads on https://github.com/Caleb-Script/auto-service.git
[poll] Latest remote head revision on refs/heads/main is: cf14ca4a540edecdb8e6dce768a20a446ec7fae4
Using strategy: Default
[poll] Last Built Revision: Revision 97e328ed667e9aef7e502bb096a4d8eaab2a42e3 (refs/remotes/origin/main)
The recommended git tool is: git
No credentials specified
 > git --version # timeout=10
 > git --version # 'git version 2.39.2'
 > git ls-remote -h -- https://github.com/Caleb-Script/auto-service.git # timeout=10
Found 5 remote heads on https://github.com/Caleb-Script/auto-service.git
[poll] Latest remote head revision on refs/heads/main is: cf14ca4a540edecdb8e6dce768a20a446ec7fae4
Done. Took 0.72 sec
Changes found
