Started on May 2, 2024, 12:51:01 PM
Using strategy: Default
[poll] Last Built Revision: Revision 73c883612112d5992bd2b245e15457dea713042f (refs/remotes/origin/main)
The recommended git tool is: git
using credential 096d7925-c70f-4710-b439-3a293b390f86
 > git --version # timeout=10
 > git --version # 'git version 2.39.2'
using GIT_ASKPASS to set credentials 
 > git ls-remote -h -- https://github.com/Caleb-Script/auto-service.git # timeout=10
Found 5 remote heads on https://github.com/Caleb-Script/auto-service.git
[poll] Latest remote head revision on refs/heads/main is: 73c883612112d5992bd2b245e15457dea713042f - already built by 38
Using strategy: Default
[poll] Last Built Revision: Revision 73c883612112d5992bd2b245e15457dea713042f (refs/remotes/origin/main)
The recommended git tool is: git
No credentials specified
 > git --version # timeout=10
 > git --version # 'git version 2.39.2'
 > git ls-remote -h -- https://github.com/Caleb-Script/auto-service.git # timeout=10
Found 5 remote heads on https://github.com/Caleb-Script/auto-service.git
[poll] Latest remote head revision on refs/heads/main is: 73c883612112d5992bd2b245e15457dea713042f - already built by 38
Done. Took 0.81 sec
No changes
