Started on May 1, 2024, 12:01:29 PM
Using strategy: Default
[poll] Last Built Revision: Revision 146524a1ec988fd8060de3d07f5cdad97de53beb (refs/remotes/origin/main)
The recommended git tool is: git
using credential 096d7925-c70f-4710-b439-3a293b390f86
 > git --version # timeout=10
 > git --version # 'git version 2.39.2'
using GIT_ASKPASS to set credentials 
 > git ls-remote -h -- https://github.com/Caleb-Script/auto-service.git # timeout=10
Found 5 remote heads on https://github.com/Caleb-Script/auto-service.git
[poll] Latest remote head revision on refs/heads/main is: c7709ab3eb5289783717c24bc3ebdf009f4bbf14
Using strategy: Default
[poll] Last Built Revision: Revision 146524a1ec988fd8060de3d07f5cdad97de53beb (refs/remotes/origin/main)
The recommended git tool is: git
No credentials specified
 > git --version # timeout=10
 > git --version # 'git version 2.39.2'
 > git ls-remote -h -- https://github.com/Caleb-Script/auto-service.git # timeout=10
Found 5 remote heads on https://github.com/Caleb-Script/auto-service.git
[poll] Latest remote head revision on refs/heads/main is: c7709ab3eb5289783717c24bc3ebdf009f4bbf14
Done. Took 0.86 sec
Changes found
