Started on May 1, 2024, 5:44:22 PM
Using strategy: Default
[poll] Last Built Revision: Revision d93de7e10a25abcd75ec116cfc6e6ea19de069b0 (refs/remotes/origin/main)
The recommended git tool is: git
using credential 096d7925-c70f-4710-b439-3a293b390f86
 > git --version # timeout=10
 > git --version # 'git version 2.39.2'
using GIT_ASKPASS to set credentials 
 > git ls-remote -h -- https://github.com/Caleb-Script/auto-service.git # timeout=10
Found 5 remote heads on https://github.com/Caleb-Script/auto-service.git
[poll] Latest remote head revision on refs/heads/main is: b107da3ae3728f90670bba38fdd161026270de2c
Using strategy: Default
[poll] Last Built Revision: Revision d93de7e10a25abcd75ec116cfc6e6ea19de069b0 (refs/remotes/origin/main)
The recommended git tool is: git
No credentials specified
 > git --version # timeout=10
 > git --version # 'git version 2.39.2'
 > git ls-remote -h -- https://github.com/Caleb-Script/auto-service.git # timeout=10
Found 5 remote heads on https://github.com/Caleb-Script/auto-service.git
[poll] Latest remote head revision on refs/heads/main is: b107da3ae3728f90670bba38fdd161026270de2c
Done. Took 0.75 sec
Changes found
