Started on May 1, 2024, 3:06:15 PM
Using strategy: Default
[poll] Last Built Revision: Revision c7f2d8357a1520279b6636a444245f7a165c0d5a (refs/remotes/origin/main)
The recommended git tool is: git
using credential 096d7925-c70f-4710-b439-3a293b390f86
 > git --version # timeout=10
 > git --version # 'git version 2.39.2'
using GIT_ASKPASS to set credentials 
 > git ls-remote -h -- https://github.com/Caleb-Script/auto-service.git # timeout=10
Found 5 remote heads on https://github.com/Caleb-Script/auto-service.git
[poll] Latest remote head revision on refs/heads/main is: b18d11fe02a6f0dd08eb9d6f584130d97082df09
Using strategy: Default
[poll] Last Built Revision: Revision c7f2d8357a1520279b6636a444245f7a165c0d5a (refs/remotes/origin/main)
The recommended git tool is: git
No credentials specified
 > git --version # timeout=10
 > git --version # 'git version 2.39.2'
 > git ls-remote -h -- https://github.com/Caleb-Script/auto-service.git # timeout=10
Found 5 remote heads on https://github.com/Caleb-Script/auto-service.git
[poll] Latest remote head revision on refs/heads/main is: b18d11fe02a6f0dd08eb9d6f584130d97082df09
Done. Took 0.77 sec
Changes found
