Started on May 1, 2024, 2:57:13 PM
Using strategy: Default
[poll] Last Built Revision: Revision 9c6cdf12ba30d2c7d07eae493353a93dd266f718 (refs/remotes/origin/main)
The recommended git tool is: git
using credential 096d7925-c70f-4710-b439-3a293b390f86
 > git --version # timeout=10
 > git --version # 'git version 2.39.2'
using GIT_ASKPASS to set credentials 
 > git ls-remote -h -- https://github.com/Caleb-Script/auto-service.git # timeout=10
Found 5 remote heads on https://github.com/Caleb-Script/auto-service.git
[poll] Latest remote head revision on refs/heads/main is: 115c8b708a4248149f7bf4a17ebe0444ce5a4586
Using strategy: Default
[poll] Last Built Revision: Revision 9c6cdf12ba30d2c7d07eae493353a93dd266f718 (refs/remotes/origin/main)
The recommended git tool is: git
No credentials specified
 > git --version # timeout=10
 > git --version # 'git version 2.39.2'
 > git ls-remote -h -- https://github.com/Caleb-Script/auto-service.git # timeout=10
Found 5 remote heads on https://github.com/Caleb-Script/auto-service.git
[poll] Latest remote head revision on refs/heads/main is: 115c8b708a4248149f7bf4a17ebe0444ce5a4586
Done. Took 0.74 sec
Changes found
